<?xml version="1.0" encoding="UTF-8"?>
<!-- Generated by org.testng.reporters.JUnitXMLReporter -->
<testsuite ignored="0" hostname="FFE-Penugonda-Sai-Durga" failures="0" tests="2" name="Test-Runner2" time="38.436" errors="0" timestamp="2025-08-20T12:40:28 IST">
  <testcase classname="NinzaCrm.CampaignTest.CampaignTest" name="CreateCampaignTest" time="2.859"/>
  <testcase classname="NinzaCrm.CampaignTest.CampaignTest" name="sample" time="0.0">
    <skipped/>
  </testcase> <!-- sample -->
</testsuite> <!-- Test-Runner2 -->
