<?xml version="1.0" encoding="UTF-8"?>
<!-- Generated by org.testng.reporters.JUnitXMLReporter -->
<testsuite ignored="0" hostname="FFE-Penugonda-Sai-Durga" failures="0" tests="2" name="Test-Runner-2" time="21.333" errors="0" timestamp="2025-08-20T11:55:50 IST">
  <testcase classname="NinzaCrm.CampaignTest.CampaignTest" name="CreateCampaignTest" time="3.031"/>
  <testcase classname="NinzaCrm.CampaignTest.CampaignTest" name="sample" time="0.0">
    <skipped/>
  </testcase> <!-- sample -->
</testsuite> <!-- Test-Runner-2 -->
