<?xml version="1.0" encoding="UTF-8"?>
<!-- Generated by org.testng.reporters.JUnitReportReporter -->
<testsuite hostname="FFE-Penugonda-Sai-Durga" failures="0" tests="1" name="practice1.CreateCamp1" time="9.334" errors="0" timestamp="2025-08-16T18:49:27 IST" skipped="0">
  <testcase classname="practice1.CreateCamp1" name="CampTest" time="9.334"/>
</testsuite> <!-- practice1.CreateCamp1 -->
