<?xml version="1.0" encoding="UTF-8"?>
<!-- Generated by org.testng.reporters.JUnitReportReporter -->
<testsuite hostname="FFE-Penugonda-Sai-Durga" failures="0" tests="1" name="practice.TestNGPractice" time="0.045" errors="0" timestamp="2025-08-14T10:39:36 IST" skipped="0">
  <testcase classname="practice.TestNGPractice" name="sampleTest" time="0.045"/>
</testsuite> <!-- practice.TestNGPractice -->
