<?xml version="1.0" encoding="UTF-8"?>
<!-- Generated by org.testng.reporters.JUnitReportReporter -->
<testsuite hostname="FFE-Penugonda-Sai-Durga" failures="0" tests="1" name="practice.AssertionPractice" time="0.014" errors="0" timestamp="2025-08-18T12:47:02 IST" skipped="0">
  <testcase classname="practice.AssertionPractice" name="sampletestSoft" time="0.014"/>
</testsuite> <!-- practice.AssertionPractice -->
