<?xml version="1.0" encoding="UTF-8"?>
<!-- Generated by org.testng.reporters.JUnitReportReporter -->
<testsuite hostname="FFE-Penugonda-Sai-Durga" failures="0" tests="3" name="practice.TestNGHelperAttributes" time="0.028" errors="0" timestamp="2025-08-18T11:50:46 IST" skipped="1">
  <testcase classname="practice.TestNGHelperAttributes" name="create" time="0.026"/>
  <testcase classname="practice.TestNGHelperAttributes" name="delete" time="0.002"/>
  <testcase classname="practice.TestNGHelperAttributes" name="modify">
    <skipped/>
  </testcase> <!-- modify -->
</testsuite> <!-- practice.TestNGHelperAttributes -->
